<?xml version="1.0" encoding="UTF-8"?>
<!-- Generated by org.testng.reporters.JUnitReportReporter -->
<testsuite hostname="Sangeetha" failures="0" tests="4" name="Testrunners.samtestrunner" time="4.867" errors="0" timestamp="2023-05-05T12:51:40 EDT" skipped="0">
  <testcase classname="Testrunners.samtestrunner" name="runScenario" time="0.379"/>
  <system-out/>
  <testcase classname="Testrunners.samtestrunner" name="runScenario" time="0.509"/>
  <system-out/>
  <testcase classname="Testrunners.samtestrunner" name="runScenario" time="0.464"/>
  <system-out/>
  <testcase classname="Testrunners.samtestrunner" name="runScenario" time="3.515"/>
  <system-out/>
</testsuite> <!-- Testrunners.samtestrunner -->
